<?xml version="1.0" encoding="UTF-8"?>
<robot generator="Rebot 3.2.1 (Python 3.7.2 on win32)" generated="20200514 21:49:51.878" rpa="false">
<suite id="s1" name="Suites">
<suite id="s1-s1" name="LoginTest" source="C:\Users\Administrator\eclipse-workspace\RobotPOM\TestCases\LoginTest.robot">
<test id="s1-s1-t1" name="LoginTest">
<kw name="Open My Browser" library="LoginKeywords">
<arguments>
<arg>${SiteUrl}</arg>
<arg>${Browser}</arg>
</arguments>
<kw name="Open Browser" library="SeleniumLibrary">
<doc>Opens a new browser instance to the optional ``url``.</doc>
<arguments>
<arg>${SiteUrl}</arg>
<arg>${Browser}</arg>
</arguments>
<msg timestamp="20200514 21:49:32.333" level="INFO">Opening browser 'Headlesschrome' to base url 'http://newtours.demoaut.com/'.</msg>
<status status="PASS" starttime="20200514 21:49:32.332" endtime="20200514 21:49:38.099"></status>
</kw>
<kw name="Maximize Browser Window" library="SeleniumLibrary">
<doc>Maximizes current browser window.</doc>
<status status="PASS" starttime="20200514 21:49:38.100" endtime="20200514 21:49:39.226"></status>
</kw>
<status status="PASS" starttime="20200514 21:49:32.330" endtime="20200514 21:49:39.226"></status>
</kw>
<kw name="Enter UserName" library="LoginKeywords">
<arguments>
<arg>${user}</arg>
</arguments>
<kw name="Input Text" library="SeleniumLibrary">
<doc>Types the given ``text`` into the text field identified by ``locator``.</doc>
<arguments>
<arg>${txt_loginUserName}</arg>
<arg>${userName}</arg>
</arguments>
<msg timestamp="20200514 21:49:39.230" level="INFO">Typing text 'tutorial' into text field 'name=userName'.</msg>
<status status="PASS" starttime="20200514 21:49:39.229" endtime="20200514 21:49:39.708"></status>
</kw>
<status status="PASS" starttime="20200514 21:49:39.227" endtime="20200514 21:49:39.709"></status>
</kw>
<kw name="Enter PassWord" library="LoginKeywords">
<arguments>
<arg>${pwd}</arg>
</arguments>
<kw name="Input Text" library="SeleniumLibrary">
<doc>Types the given ``text`` into the text field identified by ``locator``.</doc>
<arguments>
<arg>${txt_loginPassWord}</arg>
<arg>${passWord}</arg>
</arguments>
<msg timestamp="20200514 21:49:39.712" level="INFO">Typing text 'tutorial' into text field 'name=password'.</msg>
<status status="PASS" starttime="20200514 21:49:39.711" endtime="20200514 21:49:40.183"></status>
</kw>
<status status="PASS" starttime="20200514 21:49:39.709" endtime="20200514 21:49:40.184"></status>
</kw>
<kw name="Click SignIn" library="LoginKeywords">
<kw name="Click Button" library="SeleniumLibrary">
<doc>Clicks the button identified by ``locator``.</doc>
<arguments>
<arg>${btn_signIn}</arg>
</arguments>
<msg timestamp="20200514 21:49:40.189" level="INFO">Clicking button 'xpath=//input[@name='login']'.</msg>
<status status="PASS" starttime="20200514 21:49:40.187" endtime="20200514 21:49:46.257"></status>
</kw>
<status status="PASS" starttime="20200514 21:49:40.185" endtime="20200514 21:49:46.258"></status>
</kw>
<kw name="Verify Successful Login" library="LoginKeywords">
<kw name="Title Should Be" library="SeleniumLibrary">
<doc>Verifies that the current page title equals ``title``.</doc>
<arguments>
<arg>Find a Flight: Mercury Tours:</arg>
</arguments>
<msg timestamp="20200514 21:49:46.285" level="INFO">Page title is 'Find a Flight: Mercury Tours:'.</msg>
<status status="PASS" starttime="20200514 21:49:46.261" endtime="20200514 21:49:46.286"></status>
</kw>
<status status="PASS" starttime="20200514 21:49:46.259" endtime="20200514 21:49:46.287"></status>
</kw>
<kw name="Close My Browsers" library="LoginKeywords">
<kw name="Close All Browsers" library="SeleniumLibrary">
<doc>Closes all open browsers and resets the browser cache.</doc>
<status status="PASS" starttime="20200514 21:49:46.290" endtime="20200514 21:49:48.566"></status>
</kw>
<status status="PASS" starttime="20200514 21:49:46.288" endtime="20200514 21:49:48.567"></status>
</kw>
<status status="PASS" starttime="20200514 21:49:32.328" endtime="20200514 21:49:48.567" critical="yes"></status>
</test>
<status status="PASS" starttime="20200514 21:49:31.542" endtime="20200514 21:49:48.571"></status>
</suite>
<suite id="s1-s2" name="RegistrationTest" source="C:\Users\Administrator\eclipse-workspace\RobotPOM\TestCases\RegistrationTest.robot">
<test id="s1-s2-t1" name="RegistrationTest">
<kw name="Open My Browser" library="RegistrationKeywords">
<arguments>
<arg>${SiteUrl}</arg>
<arg>${Browser}</arg>
</arguments>
<kw name="Open Browser" library="SeleniumLibrary">
<doc>Opens a new browser instance to the optional ``url``.</doc>
<arguments>
<arg>${SiteUrl}</arg>
<arg>${Browser}</arg>
</arguments>
<msg timestamp="20200514 21:49:32.342" level="INFO">Opening browser 'Headlesschrome' to base url 'http://newtours.demoaut.com/'.</msg>
<status status="PASS" starttime="20200514 21:49:32.341" endtime="20200514 21:49:38.137"></status>
</kw>
<kw name="Maximize Browser Window" library="SeleniumLibrary">
<doc>Maximizes current browser window.</doc>
<status status="PASS" starttime="20200514 21:49:38.138" endtime="20200514 21:49:39.266"></status>
</kw>
<status status="PASS" starttime="20200514 21:49:32.339" endtime="20200514 21:49:39.267"></status>
</kw>
<kw name="Click Register Link" library="RegistrationKeywords">
<kw name="Click Link" library="SeleniumLibrary">
<doc>Clicks a link identified by ``locator``.</doc>
<arguments>
<arg>${link_Reg}</arg>
</arguments>
<msg timestamp="20200514 21:49:39.270" level="INFO">Clicking link 'link=REGISTER'.</msg>
<status status="PASS" starttime="20200514 21:49:39.269" endtime="20200514 21:49:40.409"></status>
</kw>
<status status="PASS" starttime="20200514 21:49:39.268" endtime="20200514 21:49:40.410"></status>
</kw>
<kw name="Enter FirstName" library="RegistrationKeywords">
<arguments>
<arg>David</arg>
</arguments>
<kw name="Input Text" library="SeleniumLibrary">
<doc>Types the given ``text`` into the text field identified by ``locator``.</doc>
<arguments>
<arg>${txt_firstName}</arg>
<arg>${firstName}</arg>
</arguments>
<msg timestamp="20200514 21:49:40.414" level="INFO">Typing text 'David' into text field 'name=firstName'.</msg>
<status status="PASS" starttime="20200514 21:49:40.412" endtime="20200514 21:49:40.935"></status>
</kw>
<status status="PASS" starttime="20200514 21:49:40.411" endtime="20200514 21:49:40.937"></status>
</kw>
<kw name="Enter LastName" library="RegistrationKeywords">
<arguments>
<arg>John</arg>
</arguments>
<kw name="Input Text" library="SeleniumLibrary">
<doc>Types the given ``text`` into the text field identified by ``locator``.</doc>
<arguments>
<arg>${txt_lastName}</arg>
<arg>${lastName}</arg>
</arguments>
<msg timestamp="20200514 21:49:40.942" level="INFO">Typing text 'John' into text field 'name=lastName'.</msg>
<status status="PASS" starttime="20200514 21:49:40.940" endtime="20200514 21:49:41.367"></status>
</kw>
<status status="PASS" starttime="20200514 21:49:40.937" endtime="20200514 21:49:41.368"></status>
</kw>
<kw name="Enter Phone" library="RegistrationKeywords">
<arguments>
<arg>1234567890</arg>
</arguments>
<kw name="Input Text" library="SeleniumLibrary">
<doc>Types the given ``text`` into the text field identified by ``locator``.</doc>
<arguments>
<arg>${txt_phone}</arg>
<arg>${phone}</arg>
</arguments>
<msg timestamp="20200514 21:49:41.371" level="INFO">Typing text '1234567890' into text field 'name=phone'.</msg>
<status status="PASS" starttime="20200514 21:49:41.370" endtime="20200514 21:49:41.931"></status>
</kw>
<status status="PASS" starttime="20200514 21:49:41.368" endtime="20200514 21:49:41.932"></status>
</kw>
<kw name="Enter Email" library="RegistrationKeywords">
<arguments>
<arg>davidJohn@gmail.com</arg>
</arguments>
<kw name="Input Text" library="SeleniumLibrary">
<doc>Types the given ``text`` into the text field identified by ``locator``.</doc>
<arguments>
<arg>${txt_email}</arg>
<arg>${email}</arg>
</arguments>
<msg timestamp="20200514 21:49:41.936" level="INFO">Typing text 'davidJohn@gmail.com' into text field 'name=userName'.</msg>
<status status="PASS" starttime="20200514 21:49:41.934" endtime="20200514 21:49:42.678"></status>
</kw>
<status status="PASS" starttime="20200514 21:49:41.932" endtime="20200514 21:49:42.679"></status>
</kw>
<kw name="Enter Address1" library="RegistrationKeywords">
<arguments>
<arg>Toronto</arg>
</arguments>
<kw name="Input Text" library="SeleniumLibrary">
<doc>Types the given ``text`` into the text field identified by ``locator``.</doc>
<arguments>
<arg>${txt_add1}</arg>
<arg>${add1}</arg>
</arguments>
<msg timestamp="20200514 21:49:42.685" level="INFO">Typing text 'Toronto' into text field 'name=address1'.</msg>
<status status="PASS" starttime="20200514 21:49:42.682" endtime="20200514 21:49:43.309"></status>
</kw>
<status status="PASS" starttime="20200514 21:49:42.680" endtime="20200514 21:49:43.310"></status>
</kw>
<kw name="Enter Address2" library="RegistrationKeywords">
<arguments>
<arg>Canada</arg>
</arguments>
<kw name="Input Text" library="SeleniumLibrary">
<doc>Types the given ``text`` into the text field identified by ``locator``.</doc>
<arguments>
<arg>${txt_add2}</arg>
<arg>${add2}</arg>
</arguments>
<msg timestamp="20200514 21:49:43.314" level="INFO">Typing text 'Canada' into text field 'name=address2'.</msg>
<status status="PASS" starttime="20200514 21:49:43.312" endtime="20200514 21:49:43.903"></status>
</kw>
<status status="PASS" starttime="20200514 21:49:43.311" endtime="20200514 21:49:43.904"></status>
</kw>
<kw name="Enter City" library="RegistrationKeywords">
<arguments>
<arg>Brampton</arg>
</arguments>
<kw name="Input Text" library="SeleniumLibrary">
<doc>Types the given ``text`` into the text field identified by ``locator``.</doc>
<arguments>
<arg>${txt_city}</arg>
<arg>${city}</arg>
</arguments>
<msg timestamp="20200514 21:49:43.911" level="INFO">Typing text 'Brampton' into text field 'name=city'.</msg>
<status status="PASS" starttime="20200514 21:49:43.908" endtime="20200514 21:49:44.481"></status>
</kw>
<status status="PASS" starttime="20200514 21:49:43.905" endtime="20200514 21:49:44.482"></status>
</kw>
<kw name="Enter State" library="RegistrationKeywords">
<arguments>
<arg>Ontario</arg>
</arguments>
<kw name="Input Text" library="SeleniumLibrary">
<doc>Types the given ``text`` into the text field identified by ``locator``.</doc>
<arguments>
<arg>${txt_state}</arg>
<arg>${state}</arg>
</arguments>
<msg timestamp="20200514 21:49:44.488" level="INFO">Typing text 'Ontario' into text field 'name=state'.</msg>
<status status="PASS" starttime="20200514 21:49:44.486" endtime="20200514 21:49:44.950"></status>
</kw>
<status status="PASS" starttime="20200514 21:49:44.483" endtime="20200514 21:49:44.951"></status>
</kw>
<kw name="Enter Postal Code" library="RegistrationKeywords">
<arguments>
<arg>L3S 1E7</arg>
</arguments>
<kw name="Input Text" library="SeleniumLibrary">
<doc>Types the given ``text`` into the text field identified by ``locator``.</doc>
<arguments>
<arg>${txt_postCode}</arg>
<arg>${postCode}</arg>
</arguments>
<msg timestamp="20200514 21:49:44.954" level="INFO">Typing text 'L3S 1E7' into text field 'name=postalCode'.</msg>
<status status="PASS" starttime="20200514 21:49:44.953" endtime="20200514 21:49:45.418"></status>
</kw>
<status status="PASS" starttime="20200514 21:49:44.952" endtime="20200514 21:49:45.419"></status>
</kw>
<kw name="Select Country" library="RegistrationKeywords">
<arguments>
<arg>CANADA</arg>
</arguments>
<kw name="Select From List By Label" library="SeleniumLibrary">
<doc>Selects options from selection list ``locator`` by ``labels``.</doc>
<arguments>
<arg>${drp_country}</arg>
<arg>${country}</arg>
</arguments>
<msg timestamp="20200514 21:49:45.423" level="INFO">Selecting options from selection list 'name=country' by label CANADA.</msg>
<status status="PASS" starttime="20200514 21:49:45.421" endtime="20200514 21:49:45.827"></status>
</kw>
<status status="PASS" starttime="20200514 21:49:45.420" endtime="20200514 21:49:45.829"></status>
</kw>
<kw name="Enter UserName" library="RegistrationKeywords">
<arguments>
<arg>johnxyz</arg>
</arguments>
<kw name="Input Text" library="SeleniumLibrary">
<doc>Types the given ``text`` into the text field identified by ``locator``.</doc>
<arguments>
<arg>${txt_userName}</arg>
<arg>${userName}</arg>
</arguments>
<msg timestamp="20200514 21:49:45.840" level="INFO">Typing text 'johnxyz' into text field 'name=email'.</msg>
<status status="PASS" starttime="20200514 21:49:45.838" endtime="20200514 21:49:46.461"></status>
</kw>
<status status="PASS" starttime="20200514 21:49:45.835" endtime="20200514 21:49:46.462"></status>
</kw>
<kw name="Enter PassWord" library="RegistrationKeywords">
<arguments>
<arg>johnxyz</arg>
</arguments>
<kw name="Input Text" library="SeleniumLibrary">
<doc>Types the given ``text`` into the text field identified by ``locator``.</doc>
<arguments>
<arg>${txt_passWord}</arg>
<arg>${passWord}</arg>
</arguments>
<msg timestamp="20200514 21:49:46.467" level="INFO">Typing text 'johnxyz' into text field 'name=password'.</msg>
<status status="PASS" starttime="20200514 21:49:46.465" endtime="20200514 21:49:46.997"></status>
</kw>
<status status="PASS" starttime="20200514 21:49:46.463" endtime="20200514 21:49:46.998"></status>
</kw>
<kw name="Enter Confirmed PassWord" library="RegistrationKeywords">
<arguments>
<arg>johnxyz</arg>
</arguments>
<kw name="Input Text" library="SeleniumLibrary">
<doc>Types the given ``text`` into the text field identified by ``locator``.</doc>
<arguments>
<arg>${txt_confPwd}</arg>
<arg>${confPwd}</arg>
</arguments>
<msg timestamp="20200514 21:49:47.002" level="INFO">Typing text 'johnxyz' into text field 'name=confirmPassword'.</msg>
<status status="PASS" starttime="20200514 21:49:47.000" endtime="20200514 21:49:47.454"></status>
</kw>
<status status="PASS" starttime="20200514 21:49:46.998" endtime="20200514 21:49:47.455"></status>
</kw>
<kw name="Click Submit" library="RegistrationKeywords">
<kw name="Click Button" library="SeleniumLibrary">
<doc>Clicks the button identified by ``locator``.</doc>
<arguments>
<arg>${btn_submit}</arg>
</arguments>
<msg timestamp="20200514 21:49:47.458" level="INFO">Clicking button 'xpath=//input[@name='register']'.</msg>
<status status="PASS" starttime="20200514 21:49:47.457" endtime="20200514 21:49:49.151"></status>
</kw>
<status status="PASS" starttime="20200514 21:49:47.455" endtime="20200514 21:49:49.152"></status>
</kw>
<kw name="Verify Successful Registration" library="RegistrationKeywords">
<kw name="Page Should Contain" library="SeleniumLibrary">
<doc>Verifies that current page contains ``text``.</doc>
<arguments>
<arg>Thank you for registering.</arg>
</arguments>
<msg timestamp="20200514 21:49:49.223" level="INFO">Current page contains text 'Thank you for registering.'.</msg>
<status status="PASS" starttime="20200514 21:49:49.153" endtime="20200514 21:49:49.223"></status>
</kw>
<status status="PASS" starttime="20200514 21:49:49.152" endtime="20200514 21:49:49.224"></status>
</kw>
<kw name="Close My Browsers" library="RegistrationKeywords">
<kw name="Close All Browsers" library="SeleniumLibrary">
<doc>Closes all open browsers and resets the browser cache.</doc>
<status status="PASS" starttime="20200514 21:49:49.225" endtime="20200514 21:49:51.366"></status>
</kw>
<status status="PASS" starttime="20200514 21:49:49.224" endtime="20200514 21:49:51.367"></status>
</kw>
<status status="PASS" starttime="20200514 21:49:32.336" endtime="20200514 21:49:51.368" critical="yes"></status>
</test>
<status status="PASS" starttime="20200514 21:49:31.541" endtime="20200514 21:49:51.372"></status>
</suite>
<doc>[https://pabot.org/?ref=log|Pabot] result from 2 executions.</doc>
<status status="PASS" starttime="20200514 21:49:31.417" endtime="20200514 21:49:51.379"></status>
</suite>
<statistics>
<total>
<stat pass="2" fail="0">Critical Tests</stat>
<stat pass="2" fail="0">All Tests</stat>
</total>
<tag>
</tag>
<suite>
<stat pass="2" fail="0" id="s1" name="Suites">Suites</stat>
<stat pass="1" fail="0" id="s1-s1" name="LoginTest">Suites.LoginTest</stat>
<stat pass="1" fail="0" id="s1-s2" name="RegistrationTest">Suites.RegistrationTest</stat>
</suite>
</statistics>
<errors>
</errors>
</robot>
