<?xml version="1.0" encoding="UTF-8"?>
<robot generator="Robot 3.2.1 (Python 3.7.2 on win32)" generated="20200514 20:43:21.436" rpa="false">
<suite id="s1" name="Suites">
<suite id="s1-s1" name="RegistrationTest" source="C:\Users\Administrator\eclipse-workspace\RobotPOM\TestCases\RegistrationTest.robot">
<test id="s1-s1-t1" name="RegistrationTest">
<kw name="Open My Browser" library="RegistrationKeywords">
<arguments>
<arg>${SiteUrl}</arg>
<arg>${Browser}</arg>
</arguments>
<kw name="Open Browser" library="SeleniumLibrary">
<doc>Opens a new browser instance to the optional ``url``.</doc>
<arguments>
<arg>${SiteUrl}</arg>
<arg>${Browser}</arg>
</arguments>
<msg timestamp="20200514 20:43:22.475" level="INFO">Opening browser 'Chrome' to base url 'http://newtours.demoaut.com/'.</msg>
<status status="PASS" starttime="20200514 20:43:22.473" endtime="20200514 20:43:32.054"></status>
</kw>
<kw name="Maximize Browser Window" library="SeleniumLibrary">
<doc>Maximizes current browser window.</doc>
<status status="PASS" starttime="20200514 20:43:32.055" endtime="20200514 20:43:33.593"></status>
</kw>
<status status="PASS" starttime="20200514 20:43:22.470" endtime="20200514 20:43:33.594"></status>
</kw>
<kw name="Click Register Link" library="RegistrationKeywords">
<kw name="Click Link" library="SeleniumLibrary">
<doc>Clicks a link identified by ``locator``.</doc>
<arguments>
<arg>${link_Reg}</arg>
</arguments>
<msg timestamp="20200514 20:43:33.600" level="INFO">Clicking link 'link=REGISTER'.</msg>
<status status="PASS" starttime="20200514 20:43:33.598" endtime="20200514 20:43:35.500"></status>
</kw>
<status status="PASS" starttime="20200514 20:43:33.595" endtime="20200514 20:43:35.501"></status>
</kw>
<kw name="Enter FirstName" library="RegistrationKeywords">
<arguments>
<arg>David</arg>
</arguments>
<kw name="Input Text" library="SeleniumLibrary">
<doc>Types the given ``text`` into the text field identified by ``locator``.</doc>
<arguments>
<arg>${txt_firstName}</arg>
<arg>${firstName}</arg>
</arguments>
<msg timestamp="20200514 20:43:35.505" level="INFO">Typing text 'David' into text field 'name=firstName'.</msg>
<status status="PASS" starttime="20200514 20:43:35.503" endtime="20200514 20:43:35.944"></status>
</kw>
<status status="PASS" starttime="20200514 20:43:35.502" endtime="20200514 20:43:35.944"></status>
</kw>
<kw name="Enter LastName" library="RegistrationKeywords">
<arguments>
<arg>John</arg>
</arguments>
<kw name="Input Text" library="SeleniumLibrary">
<doc>Types the given ``text`` into the text field identified by ``locator``.</doc>
<arguments>
<arg>${txt_lastName}</arg>
<arg>${lastName}</arg>
</arguments>
<msg timestamp="20200514 20:43:35.947" level="INFO">Typing text 'John' into text field 'name=lastName'.</msg>
<status status="PASS" starttime="20200514 20:43:35.946" endtime="20200514 20:43:36.247"></status>
</kw>
<status status="PASS" starttime="20200514 20:43:35.944" endtime="20200514 20:43:36.247"></status>
</kw>
<kw name="Enter Phone" library="RegistrationKeywords">
<arguments>
<arg>1234567890</arg>
</arguments>
<kw name="Input Text" library="SeleniumLibrary">
<doc>Types the given ``text`` into the text field identified by ``locator``.</doc>
<arguments>
<arg>${txt_phone}</arg>
<arg>${phone}</arg>
</arguments>
<msg timestamp="20200514 20:43:36.249" level="INFO">Typing text '1234567890' into text field 'name=phone'.</msg>
<status status="PASS" starttime="20200514 20:43:36.248" endtime="20200514 20:43:37.145"></status>
</kw>
<status status="PASS" starttime="20200514 20:43:36.247" endtime="20200514 20:43:37.146"></status>
</kw>
<kw name="Enter Email" library="RegistrationKeywords">
<arguments>
<arg>davidJohn@gmail.com</arg>
</arguments>
<kw name="Input Text" library="SeleniumLibrary">
<doc>Types the given ``text`` into the text field identified by ``locator``.</doc>
<arguments>
<arg>${txt_email}</arg>
<arg>${email}</arg>
</arguments>
<msg timestamp="20200514 20:43:37.154" level="INFO">Typing text 'davidJohn@gmail.com' into text field 'name=userName'.</msg>
<status status="PASS" starttime="20200514 20:43:37.151" endtime="20200514 20:43:38.127"></status>
</kw>
<status status="PASS" starttime="20200514 20:43:37.147" endtime="20200514 20:43:38.128"></status>
</kw>
<kw name="Enter Address1" library="RegistrationKeywords">
<arguments>
<arg>Toronto</arg>
</arguments>
<kw name="Input Text" library="SeleniumLibrary">
<doc>Types the given ``text`` into the text field identified by ``locator``.</doc>
<arguments>
<arg>${txt_add1}</arg>
<arg>${add1}</arg>
</arguments>
<msg timestamp="20200514 20:43:38.131" level="INFO">Typing text 'Toronto' into text field 'name=address1'.</msg>
<status status="PASS" starttime="20200514 20:43:38.130" endtime="20200514 20:43:38.686"></status>
</kw>
<status status="PASS" starttime="20200514 20:43:38.128" endtime="20200514 20:43:38.686"></status>
</kw>
<kw name="Enter Address2" library="RegistrationKeywords">
<arguments>
<arg>Canada</arg>
</arguments>
<kw name="Input Text" library="SeleniumLibrary">
<doc>Types the given ``text`` into the text field identified by ``locator``.</doc>
<arguments>
<arg>${txt_add2}</arg>
<arg>${add2}</arg>
</arguments>
<msg timestamp="20200514 20:43:38.692" level="INFO">Typing text 'Canada' into text field 'name=address2'.</msg>
<status status="PASS" starttime="20200514 20:43:38.690" endtime="20200514 20:43:39.568"></status>
</kw>
<status status="PASS" starttime="20200514 20:43:38.687" endtime="20200514 20:43:39.569"></status>
</kw>
<kw name="Enter City" library="RegistrationKeywords">
<arguments>
<arg>Brampton</arg>
</arguments>
<kw name="Input Text" library="SeleniumLibrary">
<doc>Types the given ``text`` into the text field identified by ``locator``.</doc>
<arguments>
<arg>${txt_city}</arg>
<arg>${city}</arg>
</arguments>
<msg timestamp="20200514 20:43:39.575" level="INFO">Typing text 'Brampton' into text field 'name=city'.</msg>
<status status="PASS" starttime="20200514 20:43:39.574" endtime="20200514 20:43:40.150"></status>
</kw>
<status status="PASS" starttime="20200514 20:43:39.569" endtime="20200514 20:43:40.151"></status>
</kw>
<kw name="Enter State" library="RegistrationKeywords">
<arguments>
<arg>Ontario</arg>
</arguments>
<kw name="Input Text" library="SeleniumLibrary">
<doc>Types the given ``text`` into the text field identified by ``locator``.</doc>
<arguments>
<arg>${txt_state}</arg>
<arg>${state}</arg>
</arguments>
<msg timestamp="20200514 20:43:40.153" level="INFO">Typing text 'Ontario' into text field 'name=state'.</msg>
<status status="PASS" starttime="20200514 20:43:40.152" endtime="20200514 20:43:40.525"></status>
</kw>
<status status="PASS" starttime="20200514 20:43:40.151" endtime="20200514 20:43:40.525"></status>
</kw>
<kw name="Enter Postal Code" library="RegistrationKeywords">
<arguments>
<arg>L3S 1E7</arg>
</arguments>
<kw name="Input Text" library="SeleniumLibrary">
<doc>Types the given ``text`` into the text field identified by ``locator``.</doc>
<arguments>
<arg>${txt_postCode}</arg>
<arg>${postCode}</arg>
</arguments>
<msg timestamp="20200514 20:43:40.527" level="INFO">Typing text 'L3S 1E7' into text field 'name=postalCode'.</msg>
<status status="PASS" starttime="20200514 20:43:40.526" endtime="20200514 20:43:41.263"></status>
</kw>
<status status="PASS" starttime="20200514 20:43:40.525" endtime="20200514 20:43:41.263"></status>
</kw>
<kw name="Select Country" library="RegistrationKeywords">
<arguments>
<arg>CANADA</arg>
</arguments>
<kw name="Select From List By Label" library="SeleniumLibrary">
<doc>Selects options from selection list ``locator`` by ``labels``.</doc>
<arguments>
<arg>${drp_country}</arg>
<arg>${country}</arg>
</arguments>
<msg timestamp="20200514 20:43:41.265" level="INFO">Selecting options from selection list 'name=country' by label CANADA.</msg>
<status status="PASS" starttime="20200514 20:43:41.264" endtime="20200514 20:43:41.675"></status>
</kw>
<status status="PASS" starttime="20200514 20:43:41.263" endtime="20200514 20:43:41.675"></status>
</kw>
<kw name="Enter UserName" library="RegistrationKeywords">
<arguments>
<arg>johnxyz</arg>
</arguments>
<kw name="Input Text" library="SeleniumLibrary">
<doc>Types the given ``text`` into the text field identified by ``locator``.</doc>
<arguments>
<arg>${txt_userName}</arg>
<arg>${userName}</arg>
</arguments>
<msg timestamp="20200514 20:43:41.678" level="INFO">Typing text 'johnxyz' into text field 'name=email'.</msg>
<status status="PASS" starttime="20200514 20:43:41.677" endtime="20200514 20:43:42.160"></status>
</kw>
<status status="PASS" starttime="20200514 20:43:41.676" endtime="20200514 20:43:42.160"></status>
</kw>
<kw name="Enter PassWord" library="RegistrationKeywords">
<arguments>
<arg>johnxyz</arg>
</arguments>
<kw name="Input Text" library="SeleniumLibrary">
<doc>Types the given ``text`` into the text field identified by ``locator``.</doc>
<arguments>
<arg>${txt_passWord}</arg>
<arg>${passWord}</arg>
</arguments>
<msg timestamp="20200514 20:43:42.162" level="INFO">Typing text 'johnxyz' into text field 'name=password'.</msg>
<status status="PASS" starttime="20200514 20:43:42.162" endtime="20200514 20:43:42.617"></status>
</kw>
<status status="PASS" starttime="20200514 20:43:42.161" endtime="20200514 20:43:42.618"></status>
</kw>
<kw name="Enter Confirmed PassWord" library="RegistrationKeywords">
<arguments>
<arg>johnxyz</arg>
</arguments>
<kw name="Input Text" library="SeleniumLibrary">
<doc>Types the given ``text`` into the text field identified by ``locator``.</doc>
<arguments>
<arg>${txt_confPwd}</arg>
<arg>${confPwd}</arg>
</arguments>
<msg timestamp="20200514 20:43:42.620" level="INFO">Typing text 'johnxyz' into text field 'name=confirmPassword'.</msg>
<status status="PASS" starttime="20200514 20:43:42.619" endtime="20200514 20:43:42.943"></status>
</kw>
<status status="PASS" starttime="20200514 20:43:42.618" endtime="20200514 20:43:42.944"></status>
</kw>
<kw name="Click Submit" library="RegistrationKeywords">
<kw name="Click Button" library="SeleniumLibrary">
<doc>Clicks the button identified by ``locator``.</doc>
<arguments>
<arg>${btn_submit}</arg>
</arguments>
<msg timestamp="20200514 20:43:42.945" level="INFO">Clicking button 'xpath=//input[@name='register']'.</msg>
<status status="PASS" starttime="20200514 20:43:42.945" endtime="20200514 20:43:51.288"></status>
</kw>
<status status="PASS" starttime="20200514 20:43:42.944" endtime="20200514 20:43:51.289"></status>
</kw>
<kw name="Verify Successful Registration" library="RegistrationKeywords">
<kw name="Page Should Contain" library="SeleniumLibrary">
<doc>Verifies that current page contains ``text``.</doc>
<arguments>
<arg>Thank you for registering.</arg>
</arguments>
<msg timestamp="20200514 20:43:51.395" level="INFO">Current page contains text 'Thank you for registering.'.</msg>
<status status="PASS" starttime="20200514 20:43:51.296" endtime="20200514 20:43:51.396"></status>
</kw>
<status status="PASS" starttime="20200514 20:43:51.289" endtime="20200514 20:43:51.397"></status>
</kw>
<kw name="Close My Browsers" library="RegistrationKeywords">
<kw name="Close All Browsers" library="SeleniumLibrary">
<doc>Closes all open browsers and resets the browser cache.</doc>
<status status="PASS" starttime="20200514 20:43:51.399" endtime="20200514 20:43:53.937"></status>
</kw>
<status status="PASS" starttime="20200514 20:43:51.397" endtime="20200514 20:43:53.938"></status>
</kw>
<status status="PASS" starttime="20200514 20:43:22.467" endtime="20200514 20:43:53.938" critical="yes"></status>
</test>
<status status="PASS" starttime="20200514 20:43:21.552" endtime="20200514 20:43:53.942"></status>
</suite>
<status status="PASS" starttime="20200514 20:43:21.446" endtime="20200514 20:43:53.950"></status>
</suite>
<statistics>
<total>
<stat pass="1" fail="0">Critical Tests</stat>
<stat pass="1" fail="0">All Tests</stat>
</total>
<tag>
</tag>
<suite>
<stat pass="1" fail="0" id="s1" name="Suites">Suites</stat>
<stat pass="1" fail="0" id="s1-s1" name="RegistrationTest">Suites.RegistrationTest</stat>
</suite>
</statistics>
<errors>
</errors>
</robot>
