<?xml version="1.0" encoding="UTF-8"?>
<robot generator="Robot 3.2.1 (Python 3.7.2 on win32)" generated="20200514 21:49:31.408" rpa="false">
<suite id="s1" name="Suites">
<suite id="s1-s1" name="LoginTest" source="C:\Users\Administrator\eclipse-workspace\RobotPOM\TestCases\LoginTest.robot">
<test id="s1-s1-t1" name="LoginTest">
<kw name="Open My Browser" library="LoginKeywords">
<arguments>
<arg>${SiteUrl}</arg>
<arg>${Browser}</arg>
</arguments>
<kw name="Open Browser" library="SeleniumLibrary">
<doc>Opens a new browser instance to the optional ``url``.</doc>
<arguments>
<arg>${SiteUrl}</arg>
<arg>${Browser}</arg>
</arguments>
<msg timestamp="20200514 21:49:32.333" level="INFO">Opening browser 'Headlesschrome' to base url 'http://newtours.demoaut.com/'.</msg>
<status status="PASS" starttime="20200514 21:49:32.332" endtime="20200514 21:49:38.099"></status>
</kw>
<kw name="Maximize Browser Window" library="SeleniumLibrary">
<doc>Maximizes current browser window.</doc>
<status status="PASS" starttime="20200514 21:49:38.100" endtime="20200514 21:49:39.226"></status>
</kw>
<status status="PASS" starttime="20200514 21:49:32.330" endtime="20200514 21:49:39.226"></status>
</kw>
<kw name="Enter UserName" library="LoginKeywords">
<arguments>
<arg>${user}</arg>
</arguments>
<kw name="Input Text" library="SeleniumLibrary">
<doc>Types the given ``text`` into the text field identified by ``locator``.</doc>
<arguments>
<arg>${txt_loginUserName}</arg>
<arg>${userName}</arg>
</arguments>
<msg timestamp="20200514 21:49:39.230" level="INFO">Typing text 'tutorial' into text field 'name=userName'.</msg>
<status status="PASS" starttime="20200514 21:49:39.229" endtime="20200514 21:49:39.708"></status>
</kw>
<status status="PASS" starttime="20200514 21:49:39.227" endtime="20200514 21:49:39.709"></status>
</kw>
<kw name="Enter PassWord" library="LoginKeywords">
<arguments>
<arg>${pwd}</arg>
</arguments>
<kw name="Input Text" library="SeleniumLibrary">
<doc>Types the given ``text`` into the text field identified by ``locator``.</doc>
<arguments>
<arg>${txt_loginPassWord}</arg>
<arg>${passWord}</arg>
</arguments>
<msg timestamp="20200514 21:49:39.712" level="INFO">Typing text 'tutorial' into text field 'name=password'.</msg>
<status status="PASS" starttime="20200514 21:49:39.711" endtime="20200514 21:49:40.183"></status>
</kw>
<status status="PASS" starttime="20200514 21:49:39.709" endtime="20200514 21:49:40.184"></status>
</kw>
<kw name="Click SignIn" library="LoginKeywords">
<kw name="Click Button" library="SeleniumLibrary">
<doc>Clicks the button identified by ``locator``.</doc>
<arguments>
<arg>${btn_signIn}</arg>
</arguments>
<msg timestamp="20200514 21:49:40.189" level="INFO">Clicking button 'xpath=//input[@name='login']'.</msg>
<status status="PASS" starttime="20200514 21:49:40.187" endtime="20200514 21:49:46.257"></status>
</kw>
<status status="PASS" starttime="20200514 21:49:40.185" endtime="20200514 21:49:46.258"></status>
</kw>
<kw name="Verify Successful Login" library="LoginKeywords">
<kw name="Title Should Be" library="SeleniumLibrary">
<doc>Verifies that the current page title equals ``title``.</doc>
<arguments>
<arg>Find a Flight: Mercury Tours:</arg>
</arguments>
<msg timestamp="20200514 21:49:46.285" level="INFO">Page title is 'Find a Flight: Mercury Tours:'.</msg>
<status status="PASS" starttime="20200514 21:49:46.261" endtime="20200514 21:49:46.286"></status>
</kw>
<status status="PASS" starttime="20200514 21:49:46.259" endtime="20200514 21:49:46.287"></status>
</kw>
<kw name="Close My Browsers" library="LoginKeywords">
<kw name="Close All Browsers" library="SeleniumLibrary">
<doc>Closes all open browsers and resets the browser cache.</doc>
<status status="PASS" starttime="20200514 21:49:46.290" endtime="20200514 21:49:48.566"></status>
</kw>
<status status="PASS" starttime="20200514 21:49:46.288" endtime="20200514 21:49:48.567"></status>
</kw>
<status status="PASS" starttime="20200514 21:49:32.328" endtime="20200514 21:49:48.567" critical="yes"></status>
</test>
<status status="PASS" starttime="20200514 21:49:31.542" endtime="20200514 21:49:48.571"></status>
</suite>
<status status="PASS" starttime="20200514 21:49:31.417" endtime="20200514 21:49:48.579"></status>
</suite>
<statistics>
<total>
<stat pass="1" fail="0">Critical Tests</stat>
<stat pass="1" fail="0">All Tests</stat>
</total>
<tag>
</tag>
<suite>
<stat pass="1" fail="0" id="s1" name="Suites">Suites</stat>
<stat pass="1" fail="0" id="s1-s1" name="LoginTest">Suites.LoginTest</stat>
</suite>
</statistics>
<errors>
</errors>
</robot>
