<?xml version="1.0" encoding="UTF-8"?>
<robot generator="Robot 3.2.1 (Python 3.7.2 on win32)" generated="20200514 20:43:21.435" rpa="false">
<suite id="s1" name="Suites">
<suite id="s1-s1" name="LoginTest" source="C:\Users\Administrator\eclipse-workspace\RobotPOM\TestCases\LoginTest.robot">
<test id="s1-s1-t1" name="LoginTest">
<kw name="Open My Browser" library="LoginKeywords">
<arguments>
<arg>${SiteUrl}</arg>
<arg>${Browser}</arg>
</arguments>
<kw name="Open Browser" library="SeleniumLibrary">
<doc>Opens a new browser instance to the optional ``url``.</doc>
<arguments>
<arg>${SiteUrl}</arg>
<arg>${Browser}</arg>
</arguments>
<msg timestamp="20200514 20:43:22.467" level="INFO">Opening browser 'Chrome' to base url 'http://newtours.demoaut.com/'.</msg>
<status status="PASS" starttime="20200514 20:43:22.466" endtime="20200514 20:43:32.764"></status>
</kw>
<kw name="Maximize Browser Window" library="SeleniumLibrary">
<doc>Maximizes current browser window.</doc>
<status status="PASS" starttime="20200514 20:43:32.765" endtime="20200514 20:43:34.425"></status>
</kw>
<status status="PASS" starttime="20200514 20:43:22.464" endtime="20200514 20:43:34.426"></status>
</kw>
<kw name="Enter UserName" library="LoginKeywords">
<arguments>
<arg>${user}</arg>
</arguments>
<kw name="Input Text" library="SeleniumLibrary">
<doc>Types the given ``text`` into the text field identified by ``locator``.</doc>
<arguments>
<arg>${txt_loginUserName}</arg>
<arg>${userName}</arg>
</arguments>
<msg timestamp="20200514 20:43:34.430" level="INFO">Typing text 'tutorial' into text field 'name=userName'.</msg>
<status status="PASS" starttime="20200514 20:43:34.428" endtime="20200514 20:43:35.553"></status>
</kw>
<status status="PASS" starttime="20200514 20:43:34.426" endtime="20200514 20:43:35.554"></status>
</kw>
<kw name="Enter PassWord" library="LoginKeywords">
<arguments>
<arg>${pwd}</arg>
</arguments>
<kw name="Input Text" library="SeleniumLibrary">
<doc>Types the given ``text`` into the text field identified by ``locator``.</doc>
<arguments>
<arg>${txt_loginPassWord}</arg>
<arg>${passWord}</arg>
</arguments>
<msg timestamp="20200514 20:43:35.556" level="INFO">Typing text 'tutorial' into text field 'name=password'.</msg>
<status status="PASS" starttime="20200514 20:43:35.555" endtime="20200514 20:43:35.925"></status>
</kw>
<status status="PASS" starttime="20200514 20:43:35.554" endtime="20200514 20:43:35.926"></status>
</kw>
<kw name="Click SignIn" library="LoginKeywords">
<kw name="Click Button" library="SeleniumLibrary">
<doc>Clicks the button identified by ``locator``.</doc>
<arguments>
<arg>${btn_signIn}</arg>
</arguments>
<msg timestamp="20200514 20:43:35.928" level="INFO">Clicking button 'xpath=//input[@name='login']'.</msg>
<status status="PASS" starttime="20200514 20:43:35.928" endtime="20200514 20:43:47.317"></status>
</kw>
<status status="PASS" starttime="20200514 20:43:35.926" endtime="20200514 20:43:47.318"></status>
</kw>
<kw name="Verify Successful Login" library="LoginKeywords">
<kw name="Title Should Be" library="SeleniumLibrary">
<doc>Verifies that the current page title equals ``title``.</doc>
<arguments>
<arg>Find a Flight: Mercury Tours:</arg>
</arguments>
<msg timestamp="20200514 20:43:47.379" level="INFO">Page title is 'Find a Flight: Mercury Tours:'.</msg>
<status status="PASS" starttime="20200514 20:43:47.320" endtime="20200514 20:43:47.379"></status>
</kw>
<status status="PASS" starttime="20200514 20:43:47.319" endtime="20200514 20:43:47.380"></status>
</kw>
<kw name="Close My Browsers" library="LoginKeywords">
<kw name="Close All Browsers" library="SeleniumLibrary">
<doc>Closes all open browsers and resets the browser cache.</doc>
<status status="PASS" starttime="20200514 20:43:47.383" endtime="20200514 20:43:50.949"></status>
</kw>
<status status="PASS" starttime="20200514 20:43:47.381" endtime="20200514 20:43:50.950"></status>
</kw>
<status status="PASS" starttime="20200514 20:43:22.462" endtime="20200514 20:43:50.952" critical="yes"></status>
</test>
<status status="PASS" starttime="20200514 20:43:21.542" endtime="20200514 20:43:50.957"></status>
</suite>
<status status="PASS" starttime="20200514 20:43:21.443" endtime="20200514 20:43:50.967"></status>
</suite>
<statistics>
<total>
<stat pass="1" fail="0">Critical Tests</stat>
<stat pass="1" fail="0">All Tests</stat>
</total>
<tag>
</tag>
<suite>
<stat pass="1" fail="0" id="s1" name="Suites">Suites</stat>
<stat pass="1" fail="0" id="s1-s1" name="LoginTest">Suites.LoginTest</stat>
</suite>
</statistics>
<errors>
</errors>
</robot>
